<?xml version="1.0" encoding="UTF-8" ?>
<testsuites>
  <testsuite errors="1" failures="0" hostname="suxarykPC" id="0" name="BinaryEncoderAbstractTest" package="codec" skipped="0" tests="1" time="0.0" timestamp="2015-05-03T22:37:31">
      <properties>
[...]
</properties>

      <error message="codec.BinaryEncoderAbstractTest" type="java.lang.ClassNotFoundException">java.lang.ClassNotFoundException: codec.BinaryEncoderAbstractTest
	at java.lang.ClassLoader.loadClass(ClassLoader.java:358)
	at java.lang.Class.forName0(Native Method)
	at java.lang.Class.forName(Class.java:278)
	at com.intellij.rt.ant.execution.AntMain2.main(AntMain2.java:30)
</error>

      <system-out><![CDATA[]]></system-out>

      <system-err><![CDATA[]]></system-err>

  </testsuite>
  <testsuite errors="1" failures="0" hostname="suxarykPC" id="1" name="CalculateTest" package="codec" skipped="0" tests="1" time="0.0" timestamp="2015-05-03T22:37:31">
      <properties>
[...]
</properties>

      <error message="codec.CalculateTest" type="java.lang.ClassNotFoundException">java.lang.ClassNotFoundException: codec.CalculateTest
	at java.lang.ClassLoader.loadClass(ClassLoader.java:358)
	at java.lang.Class.forName0(Native Method)
	at java.lang.Class.forName(Class.java:278)
	at com.intellij.rt.ant.execution.AntMain2.main(AntMain2.java:30)
</error>

      <system-out><![CDATA[]]></system-out>

      <system-err><![CDATA[]]></system-err>

  </testsuite>
  <testsuite errors="1" failures="0" hostname="suxarykPC" id="2" name="CharEncodingTest" package="codec" skipped="0" tests="1" time="0.0" timestamp="2015-05-03T22:37:31">
      <properties>
[...]
</properties>

      <error message="codec.CharEncodingTest" type="java.lang.ClassNotFoundException">java.lang.ClassNotFoundException: codec.CharEncodingTest
	at java.lang.ClassLoader.loadClass(ClassLoader.java:358)
	at java.lang.Class.forName0(Native Method)
	at java.lang.Class.forName(Class.java:278)
	at com.intellij.rt.ant.execution.AntMain2.main(AntMain2.java:30)
</error>

      <system-out><![CDATA[]]></system-out>

      <system-err><![CDATA[]]></system-err>

  </testsuite>
  <testsuite errors="1" failures="0" hostname="suxarykPC" id="3" name="CharsetsTest" package="codec" skipped="0" tests="1" time="0.0" timestamp="2015-05-03T22:37:31">
      <properties>
[...]
</properties>

      <error message="codec.CharsetsTest" type="java.lang.ClassNotFoundException">java.lang.ClassNotFoundException: codec.CharsetsTest
	at java.lang.ClassLoader.loadClass(ClassLoader.java:358)
	at java.lang.Class.forName0(Native Method)
	at java.lang.Class.forName(Class.java:278)
	at com.intellij.rt.ant.execution.AntMain2.main(AntMain2.java:30)
</error>

      <system-out><![CDATA[]]></system-out>

      <system-err><![CDATA[]]></system-err>

  </testsuite>
  <testsuite errors="1" failures="0" hostname="suxarykPC" id="4" name="DecoderExceptionTest" package="codec" skipped="0" tests="1" time="0.0" timestamp="2015-05-03T22:37:31">
      <properties>
[...]
</properties>

      <error message="codec.DecoderExceptionTest" type="java.lang.ClassNotFoundException">java.lang.ClassNotFoundException: codec.DecoderExceptionTest
	at java.lang.ClassLoader.loadClass(ClassLoader.java:358)
	at java.lang.Class.forName0(Native Method)
	at java.lang.Class.forName(Class.java:278)
	at com.intellij.rt.ant.execution.AntMain2.main(AntMain2.java:30)
</error>

      <system-out><![CDATA[]]></system-out>

      <system-err><![CDATA[]]></system-err>

  </testsuite>
  <testsuite errors="1" failures="0" hostname="suxarykPC" id="5" name="EncoderExceptionTest" package="codec" skipped="0" tests="1" time="0.0" timestamp="2015-05-03T22:37:31">
      <properties>
[...]
</properties>

      <error message="codec.EncoderExceptionTest" type="java.lang.ClassNotFoundException">java.lang.ClassNotFoundException: codec.EncoderExceptionTest
	at java.lang.ClassLoader.loadClass(ClassLoader.java:358)
	at java.lang.Class.forName0(Native Method)
	at java.lang.Class.forName(Class.java:278)
	at com.intellij.rt.ant.execution.AntMain2.main(AntMain2.java:30)
</error>

      <system-out><![CDATA[]]></system-out>

      <system-err><![CDATA[]]></system-err>

  </testsuite>
  <testsuite errors="1" failures="0" hostname="suxarykPC" id="6" name="StringEncoderAbstractTest" package="codec" skipped="0" tests="1" time="0.0" timestamp="2015-05-03T22:37:31">
      <properties>
[...]
</properties>

      <error message="codec.StringEncoderAbstractTest" type="java.lang.ClassNotFoundException">java.lang.ClassNotFoundException: codec.StringEncoderAbstractTest
	at java.lang.ClassLoader.loadClass(ClassLoader.java:358)
	at java.lang.Class.forName0(Native Method)
	at java.lang.Class.forName(Class.java:278)
	at com.intellij.rt.ant.execution.AntMain2.main(AntMain2.java:30)
</error>

      <system-out><![CDATA[]]></system-out>

      <system-err><![CDATA[]]></system-err>

  </testsuite>
  <testsuite errors="1" failures="0" hostname="suxarykPC" id="7" name="StringEncoderComparatorTest" package="codec" skipped="0" tests="1" time="0.0" timestamp="2015-05-03T22:37:31">
      <properties>
[...]
</properties>

      <error message="codec.StringEncoderComparatorTest" type="java.lang.ClassNotFoundException">java.lang.ClassNotFoundException: codec.StringEncoderComparatorTest
	at java.lang.ClassLoader.loadClass(ClassLoader.java:358)
	at java.lang.Class.forName0(Native Method)
	at java.lang.Class.forName(Class.java:278)
	at com.intellij.rt.ant.execution.AntMain2.main(AntMain2.java:30)
</error>

      <system-out><![CDATA[]]></system-out>

      <system-err><![CDATA[]]></system-err>

  </testsuite>
  <testsuite errors="1" failures="0" hostname="suxarykPC" id="8" name="Base32InputStreamTest" package="codec.binary" skipped="0" tests="1" time="0.0" timestamp="2015-05-03T22:37:31">
      <properties>
[...]
</properties>

      <error message="codec.binary.Base32InputStreamTest" type="java.lang.ClassNotFoundException">java.lang.ClassNotFoundException: codec.binary.Base32InputStreamTest
	at java.lang.ClassLoader.loadClass(ClassLoader.java:358)
	at java.lang.Class.forName0(Native Method)
	at java.lang.Class.forName(Class.java:278)
	at com.intellij.rt.ant.execution.AntMain2.main(AntMain2.java:30)
</error>

      <system-out><![CDATA[]]></system-out>

      <system-err><![CDATA[]]></system-err>

  </testsuite>
  <testsuite errors="1" failures="0" hostname="suxarykPC" id="9" name="Base32OutputStreamTest" package="codec.binary" skipped="0" tests="1" time="0.0" timestamp="2015-05-03T22:37:31">
      <properties>
[...]
</properties>

      <error message="codec.binary.Base32OutputStreamTest" type="java.lang.ClassNotFoundException">java.lang.ClassNotFoundException: codec.binary.Base32OutputStreamTest
	at java.lang.ClassLoader.loadClass(ClassLoader.java:358)
	at java.lang.Class.forName0(Native Method)
	at java.lang.Class.forName(Class.java:278)
	at com.intellij.rt.ant.execution.AntMain2.main(AntMain2.java:30)
</error>

      <system-out><![CDATA[]]></system-out>

      <system-err><![CDATA[]]></system-err>

  </testsuite>
  <testsuite errors="1" failures="0" hostname="suxarykPC" id="10" name="Base32Test" package="codec.binary" skipped="0" tests="1" time="0.0" timestamp="2015-05-03T22:37:31">
      <properties>
[...]
</properties>

      <error message="codec.binary.Base32Test" type="java.lang.ClassNotFoundException">java.lang.ClassNotFoundException: codec.binary.Base32Test
	at java.lang.ClassLoader.loadClass(ClassLoader.java:358)
	at java.lang.Class.forName0(Native Method)
	at java.lang.Class.forName(Class.java:278)
	at com.intellij.rt.ant.execution.AntMain2.main(AntMain2.java:30)
</error>

      <system-out><![CDATA[]]></system-out>

      <system-err><![CDATA[]]></system-err>

  </testsuite>
  <testsuite errors="1" failures="0" hostname="suxarykPC" id="11" name="Base64Codec13Test" package="codec.binary" skipped="0" tests="1" time="0.0" timestamp="2015-05-03T22:37:31">
      <properties>
[...]
</properties>

      <error message="codec.binary.Base64Codec13Test" type="java.lang.ClassNotFoundException">java.lang.ClassNotFoundException: codec.binary.Base64Codec13Test
	at java.lang.ClassLoader.loadClass(ClassLoader.java:358)
	at java.lang.Class.forName0(Native Method)
	at java.lang.Class.forName(Class.java:278)
	at com.intellij.rt.ant.execution.AntMain2.main(AntMain2.java:30)
</error>

      <system-out><![CDATA[]]></system-out>

      <system-err><![CDATA[]]></system-err>

  </testsuite>
  <testsuite errors="1" failures="0" hostname="suxarykPC" id="12" name="Base64InputStreamTest" package="codec.binary" skipped="0" tests="1" time="0.0" timestamp="2015-05-03T22:37:31">
      <properties>
[...]
</properties>

      <error message="codec.binary.Base64InputStreamTest" type="java.lang.ClassNotFoundException">java.lang.ClassNotFoundException: codec.binary.Base64InputStreamTest
	at java.lang.ClassLoader.loadClass(ClassLoader.java:358)
	at java.lang.Class.forName0(Native Method)
	at java.lang.Class.forName(Class.java:278)
	at com.intellij.rt.ant.execution.AntMain2.main(AntMain2.java:30)
</error>

      <system-out><![CDATA[]]></system-out>

      <system-err><![CDATA[]]></system-err>

  </testsuite>
  <testsuite errors="1" failures="0" hostname="suxarykPC" id="13" name="Base64OutputStreamTest" package="codec.binary" skipped="0" tests="1" time="0.0" timestamp="2015-05-03T22:37:31">
      <properties>
[...]
</properties>

      <error message="codec.binary.Base64OutputStreamTest" type="java.lang.ClassNotFoundException">java.lang.ClassNotFoundException: codec.binary.Base64OutputStreamTest
	at java.lang.ClassLoader.loadClass(ClassLoader.java:358)
	at java.lang.Class.forName0(Native Method)
	at java.lang.Class.forName(Class.java:278)
	at com.intellij.rt.ant.execution.AntMain2.main(AntMain2.java:30)
</error>

      <system-out><![CDATA[]]></system-out>

      <system-err><![CDATA[]]></system-err>

  </testsuite>
  <testsuite errors="1" failures="0" hostname="suxarykPC" id="14" name="Base64Test" package="codec.binary" skipped="0" tests="1" time="0.0" timestamp="2015-05-03T22:37:31">
      <properties>
[...]
</properties>

      <error message="codec.binary.Base64Test" type="java.lang.ClassNotFoundException">java.lang.ClassNotFoundException: codec.binary.Base64Test
	at java.lang.ClassLoader.loadClass(ClassLoader.java:358)
	at java.lang.Class.forName0(Native Method)
	at java.lang.Class.forName(Class.java:278)
	at com.intellij.rt.ant.execution.AntMain2.main(AntMain2.java:30)
</error>

      <system-out><![CDATA[]]></system-out>

      <system-err><![CDATA[]]></system-err>

  </testsuite>
  <testsuite errors="1" failures="0" hostname="suxarykPC" id="15" name="BaseNCodecTest" package="codec.binary" skipped="0" tests="1" time="0.0" timestamp="2015-05-03T22:37:31">
      <properties>
[...]
</properties>

      <error message="codec.binary.BaseNCodecTest" type="java.lang.ClassNotFoundException">java.lang.ClassNotFoundException: codec.binary.BaseNCodecTest
	at java.lang.ClassLoader.loadClass(ClassLoader.java:358)
	at java.lang.Class.forName0(Native Method)
	at java.lang.Class.forName(Class.java:278)
	at com.intellij.rt.ant.execution.AntMain2.main(AntMain2.java:30)
</error>

      <system-out><![CDATA[]]></system-out>

      <system-err><![CDATA[]]></system-err>

  </testsuite>
  <testsuite errors="1" failures="0" hostname="suxarykPC" id="16" name="BinaryCodecTest" package="codec.binary" skipped="0" tests="1" time="0.0" timestamp="2015-05-03T22:37:31">
      <properties>
[...]
</properties>

      <error message="codec.binary.BinaryCodecTest" type="java.lang.ClassNotFoundException">java.lang.ClassNotFoundException: codec.binary.BinaryCodecTest
	at java.lang.ClassLoader.loadClass(ClassLoader.java:358)
	at java.lang.Class.forName0(Native Method)
	at java.lang.Class.forName(Class.java:278)
	at com.intellij.rt.ant.execution.AntMain2.main(AntMain2.java:30)
</error>

      <system-out><![CDATA[]]></system-out>

      <system-err><![CDATA[]]></system-err>

  </testsuite>
  <testsuite errors="1" failures="0" hostname="suxarykPC" id="17" name="HexTest" package="codec.binary" skipped="0" tests="1" time="0.0" timestamp="2015-05-03T22:37:31">
      <properties>
[...]
</properties>

      <error message="codec.binary.HexTest" type="java.lang.ClassNotFoundException">java.lang.ClassNotFoundException: codec.binary.HexTest
	at java.lang.ClassLoader.loadClass(ClassLoader.java:358)
	at java.lang.Class.forName0(Native Method)
	at java.lang.Class.forName(Class.java:278)
	at com.intellij.rt.ant.execution.AntMain2.main(AntMain2.java:30)
</error>

      <system-out><![CDATA[]]></system-out>

      <system-err><![CDATA[]]></system-err>

  </testsuite>
  <testsuite errors="1" failures="0" hostname="suxarykPC" id="18" name="StringUtilsTest" package="codec.binary" skipped="0" tests="1" time="0.0" timestamp="2015-05-03T22:37:31">
      <properties>
[...]
</properties>

      <error message="codec.binary.StringUtilsTest" type="java.lang.ClassNotFoundException">java.lang.ClassNotFoundException: codec.binary.StringUtilsTest
	at java.lang.ClassLoader.loadClass(ClassLoader.java:358)
	at java.lang.Class.forName0(Native Method)
	at java.lang.Class.forName(Class.java:278)
	at com.intellij.rt.ant.execution.AntMain2.main(AntMain2.java:30)
</error>

      <system-out><![CDATA[]]></system-out>

      <system-err><![CDATA[]]></system-err>

  </testsuite>
  <testsuite errors="1" failures="0" hostname="suxarykPC" id="19" name="Apr1CryptTest" package="codec.digest" skipped="0" tests="1" time="0.0" timestamp="2015-05-03T22:37:31">
      <properties>
[...]
</properties>

      <error message="codec.digest.Apr1CryptTest" type="java.lang.ClassNotFoundException">java.lang.ClassNotFoundException: codec.digest.Apr1CryptTest
	at java.lang.ClassLoader.loadClass(ClassLoader.java:358)
	at java.lang.Class.forName0(Native Method)
	at java.lang.Class.forName(Class.java:278)
	at com.intellij.rt.ant.execution.AntMain2.main(AntMain2.java:30)
</error>

      <system-out><![CDATA[]]></system-out>

      <system-err><![CDATA[]]></system-err>

  </testsuite>
  <testsuite errors="1" failures="0" hostname="suxarykPC" id="20" name="B64Test" package="codec.digest" skipped="0" tests="1" time="0.0" timestamp="2015-05-03T22:37:31">
      <properties>
[...]
</properties>

      <error message="codec.digest.B64Test" type="java.lang.ClassNotFoundException">java.lang.ClassNotFoundException: codec.digest.B64Test
	at java.lang.ClassLoader.loadClass(ClassLoader.java:358)
	at java.lang.Class.forName0(Native Method)
	at java.lang.Class.forName(Class.java:278)
	at com.intellij.rt.ant.execution.AntMain2.main(AntMain2.java:30)
</error>

      <system-out><![CDATA[]]></system-out>

      <system-err><![CDATA[]]></system-err>

  </testsuite>
  <testsuite errors="1" failures="0" hostname="suxarykPC" id="21" name="CryptTest" package="codec.digest" skipped="0" tests="1" time="0.0" timestamp="2015-05-03T22:37:31">
      <properties>
[...]
</properties>

      <error message="codec.digest.CryptTest" type="java.lang.ClassNotFoundException">java.lang.ClassNotFoundException: codec.digest.CryptTest
	at java.lang.ClassLoader.loadClass(ClassLoader.java:358)
	at java.lang.Class.forName0(Native Method)
	at java.lang.Class.forName(Class.java:278)
	at com.intellij.rt.ant.execution.AntMain2.main(AntMain2.java:30)
</error>

      <system-out><![CDATA[]]></system-out>

      <system-err><![CDATA[]]></system-err>

  </testsuite>
  <testsuite errors="1" failures="0" hostname="suxarykPC" id="22" name="DigestUtilsTest" package="codec.digest" skipped="0" tests="1" time="0.0" timestamp="2015-05-03T22:37:31">
      <properties>
[...]
</properties>

      <error message="codec.digest.DigestUtilsTest" type="java.lang.ClassNotFoundException">java.lang.ClassNotFoundException: codec.digest.DigestUtilsTest
	at java.lang.ClassLoader.loadClass(ClassLoader.java:358)
	at java.lang.Class.forName0(Native Method)
	at java.lang.Class.forName(Class.java:278)
	at com.intellij.rt.ant.execution.AntMain2.main(AntMain2.java:30)
</error>

      <system-out><![CDATA[]]></system-out>

      <system-err><![CDATA[]]></system-err>

  </testsuite>
  <testsuite errors="1" failures="0" hostname="suxarykPC" id="23" name="Md5CryptTest" package="codec.digest" skipped="0" tests="1" time="0.0" timestamp="2015-05-03T22:37:31">
      <properties>
[...]
</properties>

      <error message="codec.digest.Md5CryptTest" type="java.lang.ClassNotFoundException">java.lang.ClassNotFoundException: codec.digest.Md5CryptTest
	at java.lang.ClassLoader.loadClass(ClassLoader.java:358)
	at java.lang.Class.forName0(Native Method)
	at java.lang.Class.forName(Class.java:278)
	at com.intellij.rt.ant.execution.AntMain2.main(AntMain2.java:30)
</error>

      <system-out><![CDATA[]]></system-out>

      <system-err><![CDATA[]]></system-err>

  </testsuite>
  <testsuite errors="1" failures="0" hostname="suxarykPC" id="24" name="Sha256CryptTest" package="codec.digest" skipped="0" tests="1" time="0.0" timestamp="2015-05-03T22:37:31">
      <properties>
[...]
</properties>

      <error message="codec.digest.Sha256CryptTest" type="java.lang.ClassNotFoundException">java.lang.ClassNotFoundException: codec.digest.Sha256CryptTest
	at java.lang.ClassLoader.loadClass(ClassLoader.java:358)
	at java.lang.Class.forName0(Native Method)
	at java.lang.Class.forName(Class.java:278)
	at com.intellij.rt.ant.execution.AntMain2.main(AntMain2.java:30)
</error>

      <system-out><![CDATA[]]></system-out>

      <system-err><![CDATA[]]></system-err>

  </testsuite>
  <testsuite errors="1" failures="0" hostname="suxarykPC" id="25" name="Sha2CryptTest" package="codec.digest" skipped="0" tests="1" time="0.0" timestamp="2015-05-03T22:37:31">
      <properties>
[...]
</properties>

      <error message="codec.digest.Sha2CryptTest" type="java.lang.ClassNotFoundException">java.lang.ClassNotFoundException: codec.digest.Sha2CryptTest
	at java.lang.ClassLoader.loadClass(ClassLoader.java:358)
	at java.lang.Class.forName0(Native Method)
	at java.lang.Class.forName(Class.java:278)
	at com.intellij.rt.ant.execution.AntMain2.main(AntMain2.java:30)
</error>

      <system-out><![CDATA[]]></system-out>

      <system-err><![CDATA[]]></system-err>

  </testsuite>
  <testsuite errors="1" failures="0" hostname="suxarykPC" id="26" name="Sha512CryptTest" package="codec.digest" skipped="0" tests="1" time="0.0" timestamp="2015-05-03T22:37:31">
      <properties>
[...]
</properties>

      <error message="codec.digest.Sha512CryptTest" type="java.lang.ClassNotFoundException">java.lang.ClassNotFoundException: codec.digest.Sha512CryptTest
	at java.lang.ClassLoader.loadClass(ClassLoader.java:358)
	at java.lang.Class.forName0(Native Method)
	at java.lang.Class.forName(Class.java:278)
	at com.intellij.rt.ant.execution.AntMain2.main(AntMain2.java:30)
</error>

      <system-out><![CDATA[]]></system-out>

      <system-err><![CDATA[]]></system-err>

  </testsuite>
  <testsuite errors="1" failures="0" hostname="suxarykPC" id="27" name="UnixCryptTest" package="codec.digest" skipped="0" tests="1" time="0.0" timestamp="2015-05-03T22:37:31">
      <properties>
[...]
</properties>

      <error message="codec.digest.UnixCryptTest" type="java.lang.ClassNotFoundException">java.lang.ClassNotFoundException: codec.digest.UnixCryptTest
	at java.lang.ClassLoader.loadClass(ClassLoader.java:358)
	at java.lang.Class.forName0(Native Method)
	at java.lang.Class.forName(Class.java:278)
	at com.intellij.rt.ant.execution.AntMain2.main(AntMain2.java:30)
</error>

      <system-out><![CDATA[]]></system-out>

      <system-err><![CDATA[]]></system-err>

  </testsuite>
  <testsuite errors="1" failures="0" hostname="suxarykPC" id="28" name="Caverphone1Test" package="codec.language" skipped="0" tests="1" time="0.0" timestamp="2015-05-03T22:37:31">
      <properties>
[...]
</properties>

      <error message="codec.language.Caverphone1Test" type="java.lang.ClassNotFoundException">java.lang.ClassNotFoundException: codec.language.Caverphone1Test
	at java.lang.ClassLoader.loadClass(ClassLoader.java:358)
	at java.lang.Class.forName0(Native Method)
	at java.lang.Class.forName(Class.java:278)
	at com.intellij.rt.ant.execution.AntMain2.main(AntMain2.java:30)
</error>

      <system-out><![CDATA[]]></system-out>

      <system-err><![CDATA[]]></system-err>

  </testsuite>
  <testsuite errors="1" failures="0" hostname="suxarykPC" id="29" name="Caverphone2Test" package="codec.language" skipped="0" tests="1" time="0.0" timestamp="2015-05-03T22:37:31">
      <properties>
[...]
</properties>

      <error message="codec.language.Caverphone2Test" type="java.lang.ClassNotFoundException">java.lang.ClassNotFoundException: codec.language.Caverphone2Test
	at java.lang.ClassLoader.loadClass(ClassLoader.java:358)
	at java.lang.Class.forName0(Native Method)
	at java.lang.Class.forName(Class.java:278)
	at com.intellij.rt.ant.execution.AntMain2.main(AntMain2.java:30)
</error>

      <system-out><![CDATA[]]></system-out>

      <system-err><![CDATA[]]></system-err>

  </testsuite>
  <testsuite errors="1" failures="0" hostname="suxarykPC" id="30" name="ColognePhoneticTest" package="codec.language" skipped="0" tests="1" time="0.0" timestamp="2015-05-03T22:37:32">
      <properties>
[...]
</properties>

      <error message="codec.language.ColognePhoneticTest" type="java.lang.ClassNotFoundException">java.lang.ClassNotFoundException: codec.language.ColognePhoneticTest
	at java.lang.ClassLoader.loadClass(ClassLoader.java:358)
	at java.lang.Class.forName0(Native Method)
	at java.lang.Class.forName(Class.java:278)
	at com.intellij.rt.ant.execution.AntMain2.main(AntMain2.java:30)
</error>

      <system-out><![CDATA[]]></system-out>

      <system-err><![CDATA[]]></system-err>

  </testsuite>
  <testsuite errors="1" failures="0" hostname="suxarykPC" id="31" name="DoubleMetaphone2Test" package="codec.language" skipped="0" tests="1" time="0.0" timestamp="2015-05-03T22:37:32">
      <properties>
[...]
</properties>

      <error message="codec.language.DoubleMetaphone2Test" type="java.lang.ClassNotFoundException">java.lang.ClassNotFoundException: codec.language.DoubleMetaphone2Test
	at java.lang.ClassLoader.loadClass(ClassLoader.java:358)
	at java.lang.Class.forName0(Native Method)
	at java.lang.Class.forName(Class.java:278)
	at com.intellij.rt.ant.execution.AntMain2.main(AntMain2.java:30)
</error>

      <system-out><![CDATA[]]></system-out>

      <system-err><![CDATA[]]></system-err>

  </testsuite>
  <testsuite errors="1" failures="0" hostname="suxarykPC" id="32" name="DoubleMetaphoneTest" package="codec.language" skipped="0" tests="1" time="0.0" timestamp="2015-05-03T22:37:32">
      <properties>
[...]
</properties>

      <error message="codec.language.DoubleMetaphoneTest" type="java.lang.ClassNotFoundException">java.lang.ClassNotFoundException: codec.language.DoubleMetaphoneTest
	at java.lang.ClassLoader.loadClass(ClassLoader.java:358)
	at java.lang.Class.forName0(Native Method)
	at java.lang.Class.forName(Class.java:278)
	at com.intellij.rt.ant.execution.AntMain2.main(AntMain2.java:30)
</error>

      <system-out><![CDATA[]]></system-out>

      <system-err><![CDATA[]]></system-err>

  </testsuite>
  <testsuite errors="1" failures="0" hostname="suxarykPC" id="33" name="MatchRatingApproachEncoderTest" package="codec.language" skipped="0" tests="1" time="0.0" timestamp="2015-05-03T22:37:32">
      <properties>
[...]
</properties>

      <error message="codec.language.MatchRatingApproachEncoderTest" type="java.lang.ClassNotFoundException">java.lang.ClassNotFoundException: codec.language.MatchRatingApproachEncoderTest
	at java.lang.ClassLoader.loadClass(ClassLoader.java:358)
	at java.lang.Class.forName0(Native Method)
	at java.lang.Class.forName(Class.java:278)
	at com.intellij.rt.ant.execution.AntMain2.main(AntMain2.java:30)
</error>

      <system-out><![CDATA[]]></system-out>

      <system-err><![CDATA[]]></system-err>

  </testsuite>
  <testsuite errors="1" failures="0" hostname="suxarykPC" id="34" name="MetaphoneTest" package="codec.language" skipped="0" tests="1" time="0.0" timestamp="2015-05-03T22:37:32">
      <properties>
[...]
</properties>

      <error message="codec.language.MetaphoneTest" type="java.lang.ClassNotFoundException">java.lang.ClassNotFoundException: codec.language.MetaphoneTest
	at java.lang.ClassLoader.loadClass(ClassLoader.java:358)
	at java.lang.Class.forName0(Native Method)
	at java.lang.Class.forName(Class.java:278)
	at com.intellij.rt.ant.execution.AntMain2.main(AntMain2.java:30)
</error>

      <system-out><![CDATA[]]></system-out>

      <system-err><![CDATA[]]></system-err>

  </testsuite>
  <testsuite errors="1" failures="0" hostname="suxarykPC" id="35" name="NysiisTest" package="codec.language" skipped="0" tests="1" time="0.0" timestamp="2015-05-03T22:37:32">
      <properties>
[...]
</properties>

      <error message="codec.language.NysiisTest" type="java.lang.ClassNotFoundException">java.lang.ClassNotFoundException: codec.language.NysiisTest
	at java.lang.ClassLoader.loadClass(ClassLoader.java:358)
	at java.lang.Class.forName0(Native Method)
	at java.lang.Class.forName(Class.java:278)
	at com.intellij.rt.ant.execution.AntMain2.main(AntMain2.java:30)
</error>

      <system-out><![CDATA[]]></system-out>

      <system-err><![CDATA[]]></system-err>

  </testsuite>
  <testsuite errors="1" failures="0" hostname="suxarykPC" id="36" name="RefinedSoundexTest" package="codec.language" skipped="0" tests="1" time="0.0" timestamp="2015-05-03T22:37:32">
      <properties>
[...]
</properties>

      <error message="codec.language.RefinedSoundexTest" type="java.lang.ClassNotFoundException">java.lang.ClassNotFoundException: codec.language.RefinedSoundexTest
	at java.lang.ClassLoader.loadClass(ClassLoader.java:358)
	at java.lang.Class.forName0(Native Method)
	at java.lang.Class.forName(Class.java:278)
	at com.intellij.rt.ant.execution.AntMain2.main(AntMain2.java:30)
</error>

      <system-out><![CDATA[]]></system-out>

      <system-err><![CDATA[]]></system-err>

  </testsuite>
  <testsuite errors="1" failures="0" hostname="suxarykPC" id="37" name="SoundexTest" package="codec.language" skipped="0" tests="1" time="0.0" timestamp="2015-05-03T22:37:32">
      <properties>
[...]
</properties>

      <error message="codec.language.SoundexTest" type="java.lang.ClassNotFoundException">java.lang.ClassNotFoundException: codec.language.SoundexTest
	at java.lang.ClassLoader.loadClass(ClassLoader.java:358)
	at java.lang.Class.forName0(Native Method)
	at java.lang.Class.forName(Class.java:278)
	at com.intellij.rt.ant.execution.AntMain2.main(AntMain2.java:30)
</error>

      <system-out><![CDATA[]]></system-out>

      <system-err><![CDATA[]]></system-err>

  </testsuite>
  <testsuite errors="1" failures="0" hostname="suxarykPC" id="38" name="BeiderMorseEncoderTest" package="codec.language.bm" skipped="0" tests="1" time="0.0" timestamp="2015-05-03T22:37:32">
      <properties>
[...]
</properties>

      <error message="codec.language.bm.BeiderMorseEncoderTest" type="java.lang.ClassNotFoundException">java.lang.ClassNotFoundException: codec.language.bm.BeiderMorseEncoderTest
	at java.lang.ClassLoader.loadClass(ClassLoader.java:358)
	at java.lang.Class.forName0(Native Method)
	at java.lang.Class.forName(Class.java:278)
	at com.intellij.rt.ant.execution.AntMain2.main(AntMain2.java:30)
</error>

      <system-out><![CDATA[]]></system-out>

      <system-err><![CDATA[]]></system-err>

  </testsuite>
  <testsuite errors="1" failures="0" hostname="suxarykPC" id="39" name="CacheSubSequencePerformanceTest" package="codec.language.bm" skipped="0" tests="1" time="0.0" timestamp="2015-05-03T22:37:32">
      <properties>
[...]
</properties>

      <error message="codec.language.bm.CacheSubSequencePerformanceTest" type="java.lang.ClassNotFoundException">java.lang.ClassNotFoundException: codec.language.bm.CacheSubSequencePerformanceTest
	at java.lang.ClassLoader.loadClass(ClassLoader.java:358)
	at java.lang.Class.forName0(Native Method)
	at java.lang.Class.forName(Class.java:278)
	at com.intellij.rt.ant.execution.AntMain2.main(AntMain2.java:30)
</error>

      <system-out><![CDATA[]]></system-out>

      <system-err><![CDATA[]]></system-err>

  </testsuite>
  <testsuite errors="1" failures="0" hostname="suxarykPC" id="40" name="LanguageGuessingTest" package="codec.language.bm" skipped="0" tests="1" time="0.0" timestamp="2015-05-03T22:37:32">
      <properties>
[...]
</properties>

      <error message="codec.language.bm.LanguageGuessingTest" type="java.lang.ClassNotFoundException">java.lang.ClassNotFoundException: codec.language.bm.LanguageGuessingTest
	at java.lang.ClassLoader.loadClass(ClassLoader.java:358)
	at java.lang.Class.forName0(Native Method)
	at java.lang.Class.forName(Class.java:278)
	at com.intellij.rt.ant.execution.AntMain2.main(AntMain2.java:30)
</error>

      <system-out><![CDATA[]]></system-out>

      <system-err><![CDATA[]]></system-err>

  </testsuite>
  <testsuite errors="1" failures="0" hostname="suxarykPC" id="41" name="PhoneticEnginePerformanceTest" package="codec.language.bm" skipped="0" tests="1" time="0.0" timestamp="2015-05-03T22:37:32">
      <properties>
[...]
</properties>

      <error message="codec.language.bm.PhoneticEnginePerformanceTest" type="java.lang.ClassNotFoundException">java.lang.ClassNotFoundException: codec.language.bm.PhoneticEnginePerformanceTest
	at java.lang.ClassLoader.loadClass(ClassLoader.java:358)
	at java.lang.Class.forName0(Native Method)
	at java.lang.Class.forName(Class.java:278)
	at com.intellij.rt.ant.execution.AntMain2.main(AntMain2.java:30)
</error>

      <system-out><![CDATA[]]></system-out>

      <system-err><![CDATA[]]></system-err>

  </testsuite>
  <testsuite errors="1" failures="0" hostname="suxarykPC" id="42" name="PhoneticEngineRegressionTest" package="codec.language.bm" skipped="0" tests="1" time="0.0" timestamp="2015-05-03T22:37:32">
      <properties>
[...]
</properties>

      <error message="codec.language.bm.PhoneticEngineRegressionTest" type="java.lang.ClassNotFoundException">java.lang.ClassNotFoundException: codec.language.bm.PhoneticEngineRegressionTest
	at java.lang.ClassLoader.loadClass(ClassLoader.java:358)
	at java.lang.Class.forName0(Native Method)
	at java.lang.Class.forName(Class.java:278)
	at com.intellij.rt.ant.execution.AntMain2.main(AntMain2.java:30)
</error>

      <system-out><![CDATA[]]></system-out>

      <system-err><![CDATA[]]></system-err>

  </testsuite>
  <testsuite errors="1" failures="0" hostname="suxarykPC" id="43" name="PhoneticEngineTest" package="codec.language.bm" skipped="0" tests="1" time="0.0" timestamp="2015-05-03T22:37:32">
      <properties>
[...]
</properties>

      <error message="codec.language.bm.PhoneticEngineTest" type="java.lang.ClassNotFoundException">java.lang.ClassNotFoundException: codec.language.bm.PhoneticEngineTest
	at java.lang.ClassLoader.loadClass(ClassLoader.java:358)
	at java.lang.Class.forName0(Native Method)
	at java.lang.Class.forName(Class.java:278)
	at com.intellij.rt.ant.execution.AntMain2.main(AntMain2.java:30)
</error>

      <system-out><![CDATA[]]></system-out>

      <system-err><![CDATA[]]></system-err>

  </testsuite>
  <testsuite errors="1" failures="0" hostname="suxarykPC" id="44" name="RuleTest" package="codec.language.bm" skipped="0" tests="1" time="0.0" timestamp="2015-05-03T22:37:32">
      <properties>
[...]
</properties>

      <error message="codec.language.bm.RuleTest" type="java.lang.ClassNotFoundException">java.lang.ClassNotFoundException: codec.language.bm.RuleTest
	at java.lang.ClassLoader.loadClass(ClassLoader.java:358)
	at java.lang.Class.forName0(Native Method)
	at java.lang.Class.forName(Class.java:278)
	at com.intellij.rt.ant.execution.AntMain2.main(AntMain2.java:30)
</error>

      <system-out><![CDATA[]]></system-out>

      <system-err><![CDATA[]]></system-err>

  </testsuite>
  <testsuite errors="1" failures="0" hostname="suxarykPC" id="45" name="BCodecTest" package="codec.net" skipped="0" tests="1" time="0.0" timestamp="2015-05-03T22:37:32">
      <properties>
[...]
</properties>

      <error message="codec.net.BCodecTest" type="java.lang.ClassNotFoundException">java.lang.ClassNotFoundException: codec.net.BCodecTest
	at java.lang.ClassLoader.loadClass(ClassLoader.java:358)
	at java.lang.Class.forName0(Native Method)
	at java.lang.Class.forName(Class.java:278)
	at com.intellij.rt.ant.execution.AntMain2.main(AntMain2.java:30)
</error>

      <system-out><![CDATA[]]></system-out>

      <system-err><![CDATA[]]></system-err>

  </testsuite>
  <testsuite errors="1" failures="0" hostname="suxarykPC" id="46" name="QCodecTest" package="codec.net" skipped="0" tests="1" time="0.0" timestamp="2015-05-03T22:37:32">
      <properties>
[...]
</properties>

      <error message="codec.net.QCodecTest" type="java.lang.ClassNotFoundException">java.lang.ClassNotFoundException: codec.net.QCodecTest
	at java.lang.ClassLoader.loadClass(ClassLoader.java:358)
	at java.lang.Class.forName0(Native Method)
	at java.lang.Class.forName(Class.java:278)
	at com.intellij.rt.ant.execution.AntMain2.main(AntMain2.java:30)
</error>

      <system-out><![CDATA[]]></system-out>

      <system-err><![CDATA[]]></system-err>

  </testsuite>
  <testsuite errors="1" failures="0" hostname="suxarykPC" id="47" name="QuotedPrintableCodecTest" package="codec.net" skipped="0" tests="1" time="0.0" timestamp="2015-05-03T22:37:32">
      <properties>
[...]
</properties>

      <error message="codec.net.QuotedPrintableCodecTest" type="java.lang.ClassNotFoundException">java.lang.ClassNotFoundException: codec.net.QuotedPrintableCodecTest
	at java.lang.ClassLoader.loadClass(ClassLoader.java:358)
	at java.lang.Class.forName0(Native Method)
	at java.lang.Class.forName(Class.java:278)
	at com.intellij.rt.ant.execution.AntMain2.main(AntMain2.java:30)
</error>

      <system-out><![CDATA[]]></system-out>

      <system-err><![CDATA[]]></system-err>

  </testsuite>
  <testsuite errors="1" failures="0" hostname="suxarykPC" id="48" name="RFC1522CodecTest" package="codec.net" skipped="0" tests="1" time="0.0" timestamp="2015-05-03T22:37:32">
      <properties>
[...]
</properties>

      <error message="codec.net.RFC1522CodecTest" type="java.lang.ClassNotFoundException">java.lang.ClassNotFoundException: codec.net.RFC1522CodecTest
	at java.lang.ClassLoader.loadClass(ClassLoader.java:358)
	at java.lang.Class.forName0(Native Method)
	at java.lang.Class.forName(Class.java:278)
	at com.intellij.rt.ant.execution.AntMain2.main(AntMain2.java:30)
</error>

      <system-out><![CDATA[]]></system-out>

      <system-err><![CDATA[]]></system-err>

  </testsuite>
  <testsuite errors="1" failures="0" hostname="suxarykPC" id="49" name="URLCodecTest" package="codec.net" skipped="0" tests="1" time="0.0" timestamp="2015-05-03T22:37:32">
      <properties>
[...]
</properties>

      <error message="codec.net.URLCodecTest" type="java.lang.ClassNotFoundException">java.lang.ClassNotFoundException: codec.net.URLCodecTest
	at java.lang.ClassLoader.loadClass(ClassLoader.java:358)
	at java.lang.Class.forName0(Native Method)
	at java.lang.Class.forName(Class.java:278)
	at com.intellij.rt.ant.execution.AntMain2.main(AntMain2.java:30)
</error>

      <system-out><![CDATA[]]></system-out>

      <system-err><![CDATA[]]></system-err>

  </testsuite>
  <testsuite errors="1" failures="0" hostname="suxarykPC" id="50" name="UtilsTest" package="codec.net" skipped="0" tests="1" time="0.0" timestamp="2015-05-03T22:37:32">
      <properties>
[...]
</properties>

      <error message="codec.net.UtilsTest" type="java.lang.ClassNotFoundException">java.lang.ClassNotFoundException: codec.net.UtilsTest
	at java.lang.ClassLoader.loadClass(ClassLoader.java:358)
	at java.lang.Class.forName0(Native Method)
	at java.lang.Class.forName(Class.java:278)
	at com.intellij.rt.ant.execution.AntMain2.main(AntMain2.java:30)
</error>

      <system-out><![CDATA[]]></system-out>

      <system-err><![CDATA[]]></system-err>

  </testsuite>
</testsuites>
