<?xml version="1.0" encoding="UTF-8" ?>
<testsuite errors="1" failures="0" hostname="suxarykPC" name="net.QuotedPrintableCodecTest" skipped="0" tests="1" time="0.0" timestamp="2015-05-02T23:08:34">
  <properties>
    <property name="java.vendor" value="Oracle Corporation" />
    <property name="lib.dir" value="lib" />
    <property name="sun.java.launcher" value="SUN_STANDARD" />
    <property name="sun.management.compiler" value="HotSpot 64-Bit Tiered Compilers" />
    <property name="os.name" value="Linux" />
    <property name="sun.boot.class.path" value="/usr/lib/jvm/java-7-oracle/jre/lib/resources.jar:/usr/lib/jvm/java-7-oracle/jre/lib/rt.jar:/usr/lib/jvm/java-7-oracle/jre/lib/sunrsasign.jar:/usr/lib/jvm/java-7-oracle/jre/lib/jsse.jar:/usr/lib/jvm/java-7-oracle/jre/lib/jce.jar:/usr/lib/jvm/java-7-oracle/jre/lib/charsets.jar:/usr/lib/jvm/java-7-oracle/jre/lib/jfr.jar:/usr/lib/jvm/java-7-oracle/jre/classes" />
    <property name="java.vm.specification.vendor" value="Oracle Corporation" />
    <property name="ant.home" value="/media/suxaryk/media/soft/UNIX/idea-IU-141.178.9/lib/ant" />
    <property name="java.runtime.version" value="1.7.0_80-b15" />
    <property name="path.variable.maven_repository" value="/home/suxaryk/.m2/repository" />
    <property name="user.name" value="suxaryk" />
    <property name="build.dir" value="build" />
    <property name="user.language" value="ru" />
    <property name="sun.boot.library.path" value="/usr/lib/jvm/java-7-oracle/jre/lib/amd64" />
    <property name="ant.project.default-target" value="all" />
    <property name="ant.project.name" value="testinfotodb" />
    <property name="java.version" value="1.7.0_80" />
    <property name="user.timezone" value="" />
    <property name="sun.arch.data.model" value="64" />
    <property name="root.dir" value=".." />
    <property name="ant.file.testinfotodb" value="/home/suxaryk/Link to JavaProjects/testStatistics/build.xml" />
    <property name="java.endorsed.dirs" value="/usr/lib/jvm/java-7-oracle/jre/lib/endorsed" />
    <property name="sun.cpu.isalist" value="" />
    <property name="sun.jnu.encoding" value="UTF-8" />
    <property name="file.encoding.pkg" value="sun.io" />
    <property name="ant.file.type.testinfotodb" value="file" />
    <property name="file.separator" value="/" />
    <property name="java.specification.name" value="Java Platform API Specification" />
    <property name="java.class.version" value="51.0" />
    <property name="user.country" value="RU" />
    <property name="java.home" value="/usr/lib/jvm/java-7-oracle/jre" />
    <property name="java.vm.info" value="mixed mode" />
    <property name="ant.file" value="/home/suxaryk/Link to JavaProjects/testStatistics/build.xml" />
    <property name="os.version" value="3.13.0-37-generic" />
    <property name="path.separator" value=":" />
    <property name="java.vm.version" value="24.80-b11" />
    <property name="ant.library.dir" value="/media/suxaryk/media/soft/UNIX/idea-IU-141.178.9/lib/ant/lib" />
    <property name="java.awt.printerjob" value="sun.print.PSPrinterJob" />
    <property name="sun.io.unicode.encoding" value="UnicodeLittle" />
    <property name="awt.toolkit" value="sun.awt.X11.XToolkit" />
    <property name="user.home" value="/home/suxaryk" />
    <property name="java.specification.vendor" value="Oracle Corporation" />
    <property name="java.library.path" value="/media/suxaryk/media/soft/UNIX/idea-IU-141.178.9/bin::/usr/java/packages/lib/amd64:/usr/lib64:/lib64:/lib:/usr/lib" />
    <property name="java.vendor.url" value="http://java.oracle.com/" />
    <property name="java.vm.vendor" value="Oracle Corporation" />
    <property name="java.runtime.name" value="Java(TM) SE Runtime Environment" />
    <property name="sun.java.command" value="org.apache.tools.ant.taskdefs.optional.junit.JUnitTestRunner net.QuotedPrintableCodecTest skipNonTests=false filtertrace=true haltOnError=false haltOnFailure=false formatter=org.apache.tools.ant.taskdefs.optional.junit.SummaryJUnitResultFormatter showoutput=false outputtoformatters=true logfailedtests=true threadid=0 logtestlistenerevents=false formatter=org.apache.tools.ant.taskdefs.optional.junit.PlainJUnitResultFormatter formatter=org.apache.tools.ant.taskdefs.optional.junit.XMLJUnitResultFormatter,/home/suxaryk/Link to JavaProjects/testStatistics/junit/TEST-net.QuotedPrintableCodecTest.xml crashfile=/home/suxaryk/Link to JavaProjects/testStatistics/junitvmwatcher3866891329821660026.properties propsfile=/home/suxaryk/Link to JavaProjects/testStatistics/junit1139257373322753028.properties" />
    <property name="java.class.path" value="/home/suxaryk/Link to JavaProjects/testStatistics/lib/junit-dep-4.10.jar:/media/suxaryk/media/soft/UNIX/idea-IU-141.178.9/lib/ant/lib/ant-launcher.jar:/media/suxaryk/media/soft/UNIX/idea-IU-141.178.9/lib/ant/lib/ant.jar:/media/suxaryk/media/soft/UNIX/idea-IU-141.178.9/lib/ant/lib/ant-junit.jar:/media/suxaryk/media/soft/UNIX/idea-IU-141.178.9/lib/ant/lib/ant-junit4.jar" />
    <property name="ant.version" value="Apache Ant(TM) version 1.9.4 compiled on April 29 2014" />
    <property name="java.vm.specification.name" value="Java Virtual Machine Specification" />
    <property name="ant.file.type" value="file" />
    <property name="java.vm.specification.version" value="1.7" />
    <property name="sun.cpu.endian" value="little" />
    <property name="sun.os.patch.level" value="unknown" />
    <property name="java.io.tmpdir" value="/tmp" />
    <property name="java.vendor.url.bug" value="http://bugreport.sun.com/bugreport/" />
    <property name="testdir.dir" value="testFolder" />
    <property name="conf.dir" value="etc" />
    <property name="os.arch" value="amd64" />
    <property name="java.awt.graphicsenv" value="sun.awt.X11GraphicsEnvironment" />
    <property name="java.ext.dirs" value="/usr/lib/jvm/java-7-oracle/jre/lib/ext:/usr/java/packages/lib/ext" />
    <property name="target.report.dir" value="junit" />
    <property name="user.dir" value="/media/suxaryk/media/Dropbox/JavaProjects/testStatistics" />
    <property name="line.separator" value="&#xa;" />
    <property name="java.vm.name" value="Java HotSpot(TM) 64-Bit Server VM" />
    <property name="basedir" value="/home/suxaryk/Link to JavaProjects/testStatistics" />
    <property name="ant.java.version" value="1.7" />
    <property name="ant.core.lib" value="/media/suxaryk/media/soft/UNIX/idea-IU-141.178.9/lib/ant/lib/ant.jar" />
    <property name="file.encoding" value="UTF-8" />
    <property name="java.specification.version" value="1.7" />
    <property name="src.dir" value="src" />
    <property name="ant.project.invoked-targets" value="all" />
  </properties>
  <error message="net.QuotedPrintableCodecTest" type="java.lang.ClassNotFoundException">java.lang.ClassNotFoundException: net.QuotedPrintableCodecTest
	at java.net.URLClassLoader$1.run(URLClassLoader.java:366)
	at java.net.URLClassLoader$1.run(URLClassLoader.java:355)
	at java.security.AccessController.doPrivileged(Native Method)
	at java.net.URLClassLoader.findClass(URLClassLoader.java:354)
	at java.lang.ClassLoader.loadClass(ClassLoader.java:425)
	at sun.misc.Launcher$AppClassLoader.loadClass(Launcher.java:308)
	at java.lang.ClassLoader.loadClass(ClassLoader.java:358)
	at java.lang.Class.forName0(Native Method)
	at java.lang.Class.forName(Class.java:195)
</error>
  <system-out><![CDATA[]]></system-out>
  <system-err><![CDATA[]]></system-err>
</testsuite>
