<?xml version="1.0" encoding="UTF-8" ?>
<testsuite errors="1" failures="0" hostname="suxarykPC" name="codec.StringEncoderComparatorTest" skipped="0" tests="1" time="0.0" timestamp="2015-05-03T22:37:31">
  <properties>
[...]
</properties>
  <error message="codec.StringEncoderComparatorTest" type="java.lang.ClassNotFoundException">java.lang.ClassNotFoundException: codec.StringEncoderComparatorTest
	at java.lang.ClassLoader.loadClass(ClassLoader.java:358)
	at java.lang.Class.forName0(Native Method)
	at java.lang.Class.forName(Class.java:278)
	at com.intellij.rt.ant.execution.AntMain2.main(AntMain2.java:30)
</error>
  <system-out><![CDATA[]]></system-out>
  <system-err><![CDATA[]]></system-err>
</testsuite>
